This is pdfTeXk, Version 3.141592-1.40.3 (Web2C 7.5.6) (format=pdflatex 2010.8.13)  12 SEP 2010 23:09
entering extended mode
 Source specials enabled.
 file:line:error style messages enabled.
 %&-line parsing enabled.
**rbt
(./rbt.tex
LaTeX2e <2005/12/01>
Babel <v3.8h> and hyphenation patterns for english, usenglishmax, dumylang, noh
yphenation, loaded.
(/usr/share/texmf-texlive/tex/latex/base/article.cls
Document Class: article 2005/09/16 v1.4f Standard LaTeX document class
(/usr/share/texmf-texlive/tex/latex/base/size11.clo
File: size11.clo 2005/09/16 v1.4f Standard LaTeX file (size option)
)
\c@part=\count79
\c@section=\count80
\c@subsection=\count81
\c@subsubsection=\count82
\c@paragraph=\count83
\c@subparagraph=\count84
\c@figure=\count85
\c@table=\count86
\abovecaptionskip=\skip41
\belowcaptionskip=\skip42
\bibindent=\dimen102
)
(/usr/share/texmf-texlive/tex/generic/oberdiek/ifpdf.sty
Package: ifpdf 2006/02/20 v1.4 Provides the ifpdf switch (HO)
Package ifpdf Info: pdfTeX in pdf mode detected.
)
(/usr/share/texmf-texlive/tex/latex/graphics/graphicx.sty
Package: graphicx 1999/02/16 v1.0f Enhanced LaTeX Graphics (DPC,SPQR)

(/usr/share/texmf-texlive/tex/latex/graphics/keyval.sty
Package: keyval 1999/03/16 v1.13 key=value parser (DPC)
\KV@toks@=\toks14
)
(/usr/share/texmf-texlive/tex/latex/graphics/graphics.sty
Package: graphics 2006/02/20 v1.0o Standard LaTeX Graphics (DPC,SPQR)

(/usr/share/texmf-texlive/tex/latex/graphics/trig.sty
Package: trig 1999/03/16 v1.09 sin cos tan (DPC)
)
(/etc/texmf/tex/latex/config/graphics.cfg
File: graphics.cfg 2007/01/18 v1.5 graphics configuration of teTeX/TeXLive
)
Package graphics Info: Driver file: pdftex.def on input line 90.

(/usr/share/texmf-texlive/tex/latex/pdftex-def/pdftex.def
File: pdftex.def 2007/01/08 v0.04d Graphics/color for pdfTeX
\Gread@gobject=\count87
))
\Gin@req@height=\dimen103
\Gin@req@width=\dimen104
)
(/usr/share/texmf-texlive/tex/latex/hyperref/hyperref.sty
Package: hyperref 2007/02/07 v6.75r Hypertext links for LaTeX
\@linkdim=\dimen105
\Hy@linkcounter=\count88
\Hy@pagecounter=\count89

(/usr/share/texmf-texlive/tex/latex/hyperref/pd1enc.def
File: pd1enc.def 2007/02/07 v6.75r Hyperref: PDFDocEncoding definition (HO)
)
(/etc/texmf/tex/latex/config/hyperref.cfg
File: hyperref.cfg 2002/06/06 v1.2 hyperref configuration of TeXLive
)
(/usr/share/texmf-texlive/tex/latex/oberdiek/kvoptions.sty
Package: kvoptions 2006/08/22 v2.4 Connects package keyval with LaTeX options (
HO)
)
Package hyperref Info: Option `colorlinks' set `true' on input line 2238.
Package hyperref Info: Option `bookmarksopen' set `true' on input line 2238.
Package hyperref Info: Hyper figures OFF on input line 2288.
Package hyperref Info: Link nesting OFF on input line 2293.
Package hyperref Info: Hyper index ON on input line 2296.
Package hyperref Info: Plain pages OFF on input line 2303.
Package hyperref Info: Backreferencing OFF on input line 2308.

Implicit mode ON; LaTeX internals redefined
Package hyperref Info: Bookmarks ON on input line 2444.
(/usr/share/texmf-texlive/tex/latex/ltxmisc/url.sty
\Urlmuskip=\muskip10
Package: url 2005/06/27  ver 3.2  Verb mode for urls, etc.
)
LaTeX Info: Redefining \url on input line 2599.
\Fld@menulength=\count90
\Field@Width=\dimen106
\Fld@charsize=\dimen107
\Choice@toks=\toks15
\Field@toks=\toks16
Package hyperref Info: Hyper figures OFF on input line 3102.
Package hyperref Info: Link nesting OFF on input line 3107.
Package hyperref Info: Hyper index ON on input line 3110.
Package hyperref Info: backreferencing OFF on input line 3117.
Package hyperref Info: Link coloring ON on input line 3120.
\Hy@abspage=\count91
\c@Item=\count92
\c@Hfootnote=\count93
)
*hyperref using default driver hpdftex*
(/usr/share/texmf-texlive/tex/latex/hyperref/hpdftex.def
File: hpdftex.def 2007/02/07 v6.75r Hyperref driver for pdfTeX
\Fld@listcount=\count94
)
(/usr/share/texmf-texlive/tex/latex/geometry/geometry.sty
Package: geometry 2002/07/08 v3.2 Page Geometry
\Gm@cnth=\count95
\Gm@cntv=\count96
\c@Gm@tempcnt=\count97
\Gm@bindingoffset=\dimen108
\Gm@wd@mp=\dimen109
\Gm@odd@mp=\dimen110
\Gm@even@mp=\dimen111
\Gm@dimlist=\toks17
)
(/usr/share/texmf-texlive/tex/latex/algorithms/algorithmic.sty
Package: algorithmic 2006/06/02

Document Style `algorithmic' - environment
(/usr/share/texmf-texlive/tex/latex/base/ifthen.sty
Package: ifthen 2001/05/26 v1.1c Standard LaTeX ifthen package (DPC)
)
(/usr/share/texmf-texlive/tex/latex/tools/calc.sty
Package: calc 2005/08/06 v4.2 Infix arithmetic (KKT,FJ)
\calc@Acount=\count98
\calc@Bcount=\count99
\calc@Adimen=\dimen112
\calc@Bdimen=\dimen113
\calc@Askip=\skip43
\calc@Bskip=\skip44
LaTeX Info: Redefining \setlength on input line 75.
LaTeX Info: Redefining \addtolength on input line 76.
\calc@Ccount=\count100
\calc@Cskip=\skip45
)
\c@ALC@line=\count101
\c@ALC@rem=\count102
\c@ALC@depth=\count103
\ALC@tlm=\skip46
\algorithmicindent=\skip47
)
(/usr/share/texmf-texlive/tex/latex/algorithms/algorithm.sty
Package: algorithm 

Document Style `algorithm' - floating environment
(/usr/share/texmf-texlive/tex/latex/float/float.sty
Package: float 2001/11/08 v1.3d Float enhancements (AL)
\c@float@type=\count104
\float@exts=\toks18
\float@box=\box26
\@float@everytoks=\toks19
\@floatcapt=\box27
)
\@float@every@algorithm=\toks20
\c@algorithm=\count105
) (./rbt.aux)
\openout1 = `rbt.aux'.

LaTeX Font Info:    Checking defaults for OML/cmm/m/it on input line 9.
LaTeX Font Info:    ... okay on input line 9.
LaTeX Font Info:    Checking defaults for T1/cmr/m/n on input line 9.
LaTeX Font Info:    ... okay on input line 9.
LaTeX Font Info:    Checking defaults for OT1/cmr/m/n on input line 9.
LaTeX Font Info:    ... okay on input line 9.
LaTeX Font Info:    Checking defaults for OMS/cmsy/m/n on input line 9.
LaTeX Font Info:    ... okay on input line 9.
LaTeX Font Info:    Checking defaults for OMX/cmex/m/n on input line 9.
LaTeX Font Info:    ... okay on input line 9.
LaTeX Font Info:    Checking defaults for U/cmr/m/n on input line 9.
LaTeX Font Info:    ... okay on input line 9.
LaTeX Font Info:    Checking defaults for PD1/pdf/m/n on input line 9.
LaTeX Font Info:    ... okay on input line 9.

(/usr/share/texmf-texlive/tex/latex/graphics/color.sty
Package: color 2005/11/14 v1.0j Standard LaTeX Color (DPC)

(/etc/texmf/tex/latex/config/color.cfg
File: color.cfg 2007/01/18 v1.5 color configuration of teTeX/TeXLive
)
Package color Info: Driver file: pdftex.def on input line 130.
)
Package hyperref Info: Link coloring ON on input line 9.

(/usr/share/texmf-texlive/tex/latex/hyperref/nameref.sty
Package: nameref 2006/12/27 v2.28 Cross-referencing by name of section

(/usr/share/texmf-texlive/tex/latex/oberdiek/refcount.sty
Package: refcount 2006/02/20 v3.0 Data extraction from references (HO)
)
\c@section@level=\count106
)
LaTeX Info: Redefining \ref on input line 9.
LaTeX Info: Redefining \pageref on input line 9.
 (./rbt.out)
(./rbt.out)
\@outlinefile=\write3
\openout3 = `rbt.out'.

-------------------- Geometry parameters
paper: a4paper
landscape: --
twocolumn: --
twoside: --
asymmetric: --
h-parts: 42.67912pt, 512.14963pt, 42.67912pt
v-parts: 71.13188pt, 702.78308pt, 71.13188pt
hmarginratio: --
vmarginratio: --
lines: --
heightrounded: --
bindingoffset: 0.0pt
truedimen: --
includehead: --
includefoot: --
includemp: --
driver: pdftex
-------------------- Page layout dimensions and switches
\paperwidth  597.50787pt
\paperheight 845.04684pt
\textwidth  512.14963pt
\textheight 702.78308pt
\oddsidemargin  -29.59087pt
\evensidemargin -29.59087pt
\topmargin  -38.1381pt
\headheight 12.0pt
\headsep    25.0pt
\footskip   30.0pt
\marginparwidth 50.0pt
\marginparsep   10.0pt
\columnsep  10.0pt
\skip\footins  10.0pt plus 4.0pt minus 2.0pt
\hoffset 0.0pt
\voffset 0.0pt
\mag 1000

(1in=72.27pt, 1cm=28.45pt)
-----------------------
 <vtu.png, id=35, 210.7875pt x 219.82124pt>
File: vtu.png Graphic file (type png)
 <use vtu.png>
<./logo.png, id=36, 459.7175pt x 379.4175pt>
File: ./logo.png Graphic file (type png)
 <use ./logo.png>
LaTeX Font Info:    External font `cmex10' loaded for size
(Font)              <10.95> on input line 37.
LaTeX Font Info:    External font `cmex10' loaded for size
(Font)              <8> on input line 37.
LaTeX Font Info:    External font `cmex10' loaded for size
(Font)              <6> on input line 37.
 [1

{/var/lib/texmf/fonts/map/pdftex/updmap/pdftex.map} <./vtu.png> <./logo.png (PN
G copy)>]
(./rbt.toc)
\tf@toc=\write4
\openout4 = `rbt.toc'.

 [2]
LaTeX Font Info:    Try loading font information for OMS+cmr on input line 63.
 (/usr/share/texmf-texlive/tex/latex/base/omscmr.fd
File: omscmr.fd 1999/05/25 v2.5h Standard LaTeX font definitions
)
LaTeX Font Info:    Font shape `OMS/cmr/m/n' in size <10.95> not available
(Font)              Font shape `OMS/cmsy/m/n' tried instead on input line 63.

<rbtRotate.png, id=60, 287.0725pt x 121.45375pt>
File: rbtRotate.png Graphic file (type png)
 <use rbtRotate.png>
Overfull \hbox (1.0796pt too wide) in paragraph at lines 85--86
[]\OT1/cmr/m/n/10.95 Insertion of a new node to the tree in-volves two stages.
 []


Overfull \hbox (8.68384pt too wide) in paragraph at lines 91--93
\OT1/cmr/m/n/10.95 Assign par-ent[z] with 'black', grand-Par-ent[z] with
 []


Underfull \hbox (badness 10000) in paragraph at lines 94--96

 []

Package hyperref Info: bookmark level for unknown algorithm defaults to 0 on in
put line 98.
pdfTeX warning (ext4): destination with the same identifier (name{page.1}) has 
been already used, duplicate ignored
<to be read again> 
                   \relax 
l.144 \end{itemize}
                    [1

pdfTeX warning (ext4): destination with the same identifier (name{figure.1}) ha
s been already used, duplicate ignored
<to be read again> 
                   \endgroup \set@typeset@protect 
l.144 \end{itemize}
                   pdfTeX warning (ext4): destination with the same identifier 
(name{ALC@rem.1}) has been already used, duplicate ignored
<to be read again> 
                   \endgroup \set@typeset@protect 
l.144 \end{itemize}
                   pdfTeX warning (ext4): destination with the same identifier 
(name{ALC@rem.1}) has been already used, duplicate ignored
<to be read again> 
                   \endgroup \set@typeset@protect 
l.144 \end{itemize}
                   pdfTeX warning (ext4): destination with the same identifier 
(name{ALC@rem.1}) has been already used, duplicate ignored
<to be read again> 
                   \endgroup \set@typeset@protect 
l.144 \end{itemize}
                    <./rbtRotate.png (PNG copy)>]
Underfull \hbox (badness 10000) in paragraph at lines 145--146

 []


Underfull \hbox (badness 10000) in paragraph at lines 147--148

 []


Overfull \hbox (4.08076pt too wide) in paragraph at lines 151--153
\OT1/cmr/m/n/10.95 Because 'w' is red, its chil-dren are black. Change
 []

pdfTeX warning (ext4): destination with the same identifier (name{ALC@rem.1}) h
as been already used, duplicate ignored
<to be read again> 
                   \relax 
l.168 \STATE
             \textbf {rbtDelete (T, z)}pdfTeX warning (ext4): destination with 
the same identifier (name{ALC@line.1}) has been already used, duplicate ignored

<to be read again> 
                   \relax 
l.168 \STATE
             \textbf {rbtDelete (T, z)}pdfTeX warning (ext4): destination with 
the same identifier (name{ALC@rem.1}) has been already used, duplicate ignored
<to be read again> 
                   \relax 
l.169 \STATE
             delete node 'z' as if it were deleted from an ordinary binary s...
pdfTeX warning (ext4): destination with the same identifier (name{ALC@line.2}) 
has been already used, duplicate ignored
<to be read again> 
                   \relax 
l.169 \STATE
             delete node 'z' as if it were deleted from an ordinary binary s...
pdfTeX warning (ext4): destination with the same identifier (name{ALC@rem.1}) h
as been already used, duplicate ignored
<to be read again> 
                   \relax 
l.170 \IF {color[y] = BLACK}
                            pdfTeX warning (ext4): destination with the same id
entifier (name{ALC@line.3}) has been already used, duplicate ignored
<to be read again> 
                   \relax 
l.170 \IF {color[y] = BLACK}
                            pdfTeX warning (ext4): destination with the same id
entifier (name{ALC@rem.1}) has been already used, duplicate ignored
<to be read again> 
                   \relax 
l.171 \STATE
             rbtDeleteFixup (T, x)pdfTeX warning (ext4): destination with the s
ame identifier (name{ALC@line.4}) has been already used, duplicate ignored
<to be read again> 
                   \relax 
l.171 \STATE
             rbtDeleteFixup (T, x)pdfTeX warning (ext4): destination with the s
ame identifier (name{ALC@rem.1}) has been already used, duplicate ignored
<to be read again> 
                   \relax 
l.172 \ENDIF
            pdfTeX warning (ext4): destination with the same identifier (name{A
LC@rem.1}) has been already used, duplicate ignored
<to be read again> 
                   \relax 
l.173 \STATE
             return 'y'pdfTeX warning (ext4): destination with the same identif
ier (name{ALC@rem.1}) has been already used, duplicate ignored
<to be read again> 
                   \relax 
l.181 \STATE
             \textbf {rbtDeleteFixup (T, x)}pdfTeX warning (ext4): destination 
with the same identifier (name{ALC@line.1}) has been already used, duplicate ig
nored
<to be read again> 
                   \relax 
l.181 \STATE
             \textbf {rbtDeleteFixup (T, x)}pdfTeX warning (ext4): destination 
with the same identifier (name{ALC@rem.1}) has been already used, duplicate ign
ored
<to be read again> 
                   \relax 
l.182 \WHILE {x $\neq$ T and color[x] = BLACK}
                                              pdfTeX warning (ext4): destinatio
n with the same identifier (name{ALC@line.2}) has been already used, duplicate 
ignored
<to be read again> 
                   \relax 
l.182 \WHILE {x $\neq$ T and color[x] = BLACK}
                                              pdfTeX warning (ext4): destinatio
n with the same identifier (name{ALC@rem.1}) has been already used, duplicate i
gnored
<to be read again> 
                   \relax 
l.183 \IF {x = left[parent[x]]}
                               pdfTeX warning (ext4): destination with the same
 identifier (name{ALC@line.3}) has been already used, duplicate ignored
<to be read again> 
                   \relax 
l.183 \IF {x = left[parent[x]]}
                               pdfTeX warning (ext4): destination with the same
 identifier (name{ALC@rem.1}) has been already used, duplicate ignored
<to be read again> 
                   \relax 
l.184 \STATE
             w $\leftarrow$ right[parent[x]]pdfTeX warning (ext4): destination 
with the same identifier (name{ALC@line.4}) has been already used, duplicate ig
nored
<to be read again> 
                   \relax 
l.184 \STATE
             w $\leftarrow$ right[parent[x]]pdfTeX warning (ext4): destination 
with the same identifier (name{ALC@rem.1}) has been already used, duplicate ign
ored
<to be read again> 
                   \relax 
l.185 \IF {color[w] = RED}
                          pdfTeX warning (ext4): destination with the same iden
tifier (name{ALC@rem.1}) has been already used, duplicate ignored
<to be read again> 
                   \relax 
l.186 \STATE
             color[w] $\leftarrow$ BLACKpdfTeX warning (ext4): destination with
 the same identifier (name{ALC@rem.1}) has been already used, duplicate ignored

<to be read again> 
                   \relax 
l.187 \STATE
             color[parent[x]] $\leftarrow$ REDpdfTeX warning (ext4): destinatio
n with the same identifier (name{ALC@rem.1}) has been already used, duplicate i
gnored
<to be read again> 
                   \relax 
l.188 \STATE
             leftRotate (T, parent[x])pdfTeX warning (ext4): destination with t
he same identifier (name{ALC@rem.1}) has been already used, duplicate ignored
<to be read again> 
                   \relax 
l.189 \STATE
             w $\leftarrow$ right[parent[x]]pdfTeX warning (ext4): destination 
with the same identifier (name{ALC@rem.1}) has been already used, duplicate ign
ored
<to be read again> 
                   \relax 
l.190 \ENDIF
            pdfTeX warning (ext4): destination with the same identifier (name{A
LC@rem.1}) has been already used, duplicate ignored
<to be read again> 
                   \relax 
l.191 ...[w]] = BLACK and color[right[w]] = BLACK}
                                                  
Underfull \hbox (badness 10000) in paragraph at lines 191--191
[] [][]\OT1/cmr/bx/n/10.95 if \OT1/cmr/m/n/10.95 color[left[w]] = BLACK and
 []

pdfTeX warning (ext4): destination with the same identifier (name{ALC@rem.1}) h
as been already used, duplicate ignored
<to be read again> 
                   \relax 
l.192 \STATE
             color[w] $\leftarrow$ REDpdfTeX warning (ext4): destination with t
he same identifier (name{ALC@rem.1}) has been already used, duplicate ignored
<to be read again> 
                   \relax 
l.193 \STATE
             x $\leftarrow$ parent[x]pdfTeX warning (ext4): destination with th
e same identifier (name{ALC@rem.1}) has been already used, duplicate ignored
<to be read again> 
                   \relax 
l.195 \IF
          {color[right[w]] = BLACK}pdfTeX warning (ext4): destination with the 
same identifier (name{ALC@rem.1}) has been already used, duplicate ignored
<to be read again> 
                   \relax 
l.195 \IF {color[right[w]] = BLACK}
                                   pdfTeX warning (ext4): destination with the 
same identifier (name{ALC@rem.1}) has been already used, duplicate ignored
<to be read again> 
                   \relax 
l.196 \STATE
             color[left[w]] $\leftarrow$ REDpdfTeX warning (ext4): destination 
with the same identifier (name{ALC@rem.1}) has been already used, duplicate ign
ored
<to be read again> 
                   \relax 
l.197 \STATE
             color[w] $\leftarrow$ REDpdfTeX warning (ext4): destination with t
he same identifier (name{ALC@rem.1}) has been already used, duplicate ignored
<to be read again> 
                   \relax 
l.198 \STATE
             rightRotate (T, w)pdfTeX warning (ext4): destination with the same
 identifier (name{ALC@rem.1}) has been already used, duplicate ignored
<to be read again> 
                   \relax 
l.199 \STATE
             w $\leftarrow$ right[parent[x]]pdfTeX warning (ext4): destination 
with the same identifier (name{ALC@rem.1}) has been already used, duplicate ign
ored
<to be read again> 
                   \relax 
l.200 \ENDIF
            pdfTeX warning (ext4): destination with the same identifier (name{A
LC@rem.1}) has been already used, duplicate ignored
<to be read again> 
                   \relax 
l.201 \STATE
             color[w] $\leftarrow$ color[parent[x]]pdfTeX warning (ext4): desti
nation with the same identifier (name{ALC@rem.1}) has been already used, duplic
ate ignored
<to be read again> 
                   \relax 
l.202 \STATE
             color[parent[x]] $\leftarrow$ BLACKpdfTeX warning (ext4): destinat
ion with the same identifier (name{ALC@rem.1}) has been already used, duplicate
 ignored
<to be read again> 
                   \relax 
l.203 \STATE
             color[right[w]] $\leftarrow$ BLACKpdfTeX warning (ext4): destinati
on with the same identifier (name{ALC@rem.1}) has been already used, duplicate 
ignored
<to be read again> 
                   \relax 
l.204 \STATE
             leftRotate (T, parent[x])pdfTeX warning (ext4): destination with t
he same identifier (name{ALC@rem.1}) has been already used, duplicate ignored
<to be read again> 
                   \relax 
l.205 \STATE
             x $\leftarrow$ TpdfTeX warning (ext4): destination with the same i
dentifier (name{ALC@rem.1}) has been already used, duplicate ignored
<to be read again> 
                   \relax 
l.206 \ENDIF
            pdfTeX warning (ext4): destination with the same identifier (name{A
LC@rem.1}) has been already used, duplicate ignored
<to be read again> 
                   \relax 
l.208 \STATE
             (same as \emph {then} clause with "right" and "left" exchanged)pdf
TeX warning (ext4): destination with the same identifier (name{ALC@rem.1}) has 
been already used, duplicate ignored
<to be read again> 
                   \relax 
l.208 \STATE
             (same as \emph {then} clause with "right" and "left" exchanged)pdf
TeX warning (ext4): destination with the same identifier (name{ALC@rem.1}) has 
been already used, duplicate ignored
<to be read again> 
                   \relax 
l.209 \ENDIF
            pdfTeX warning (ext4): destination with the same identifier (name{A
LC@rem.1}) has been already used, duplicate ignored
<to be read again> 
                   \relax 
l.210 \ENDWHILE
               pdfTeX warning (ext4): destination with the same identifier (nam
e{ALC@rem.1}) has been already used, duplicate ignored
<to be read again> 
                   \relax 
l.211 \STATE
             color[x] $\leftarrow$ BLACKpdfTeX warning (ext4): destination with
 the same identifier (name{page.2}) has been already used, duplicate ignored
<to be read again> 
                   \relax 
l.220 \section
              {Sample Run} [2pdfTeX warning (ext4): destination with the same i
dentifier (name{ALC@rem.1}) has been already used, duplicate ignored
<to be read again> 
                   \endgroup \set@typeset@protect 
l.220 \section
              {Sample Run}pdfTeX warning (ext4): destination with the same iden
tifier (name{ALC@line.1}) has been already used, duplicate ignored
<to be read again> 
                   \endgroup \set@typeset@protect 
l.220 \section
              {Sample Run}pdfTeX warning (ext4): destination with the same iden
tifier (name{ALC@rem.1}) has been already used, duplicate ignored
<to be read again> 
                   \endgroup \set@typeset@protect 
l.220 \section
              {Sample Run}pdfTeX warning (ext4): destination with the same iden
tifier (name{ALC@line.2}) has been already used, duplicate ignored
<to be read again> 
                   \endgroup \set@typeset@protect 
l.220 \section
              {Sample Run}pdfTeX warning (ext4): destination with the same iden
tifier (name{ALC@rem.1}) has been already used, duplicate ignored
<to be read again> 
                   \endgroup \set@typeset@protect 
l.220 \section
              {Sample Run}pdfTeX warning (ext4): destination with the same iden
tifier (name{ALC@line.3}) has been already used, duplicate ignored
<to be read again> 
                   \endgroup \set@typeset@protect 
l.220 \section
              {Sample Run}pdfTeX warning (ext4): destination with the same iden
tifier (name{ALC@rem.1}) has been already used, duplicate ignored
<to be read again> 
                   \endgroup \set@typeset@protect 
l.220 \section
              {Sample Run}pdfTeX warning (ext4): destination with the same iden
tifier (name{ALC@line.4}) has been already used, duplicate ignored
<to be read again> 
                   \endgroup \set@typeset@protect 
l.220 \section
              {Sample Run}pdfTeX warning (ext4): destination with the same iden
tifier (name{ALC@rem.1}) has been already used, duplicate ignored
<to be read again> 
                   \endgroup \set@typeset@protect 
l.220 \section
              {Sample Run}pdfTeX warning (ext4): destination with the same iden
tifier (name{ALC@rem.1}) has been already used, duplicate ignored
<to be read again> 
                   \endgroup \set@typeset@protect 
l.220 \section
              {Sample Run}pdfTeX warning (ext4): destination with the same iden
tifier (name{ALC@rem.1}) has been already used, duplicate ignored
<to be read again> 
                   \endgroup \set@typeset@protect 
l.220 \section
              {Sample Run}pdfTeX warning (ext4): destination with the same iden
tifier (name{ALC@rem.1}) has been already used, duplicate ignored
<to be read again> 
                   \endgroup \set@typeset@protect 
l.220 \section
              {Sample Run}pdfTeX warning (ext4): destination with the same iden
tifier (name{ALC@rem.1}) has been already used, duplicate ignored
<to be read again> 
                   \endgroup \set@typeset@protect 
l.220 \section
              {Sample Run}pdfTeX warning (ext4): destination with the same iden
tifier (name{ALC@rem.1}) has been already used, duplicate ignored
<to be read again> 
                   \endgroup \set@typeset@protect 
l.220 \section
              {Sample Run}pdfTeX warning (ext4): destination with the same iden
tifier (name{ALC@rem.1}) has been already used, duplicate ignored
<to be read again> 
                   \endgroup \set@typeset@protect 
l.220 \section
              {Sample Run}pdfTeX warning (ext4): destination with the same iden
tifier (name{ALC@rem.1}) has been already used, duplicate ignored
<to be read again> 
                   \endgroup \set@typeset@protect 
l.220 \section
              {Sample Run}pdfTeX warning (ext4): destination with the same iden
tifier (name{ALC@rem.1}) has been already used, duplicate ignored
<to be read again> 
                   \endgroup \set@typeset@protect 
l.220 \section
              {Sample Run}pdfTeX warning (ext4): destination with the same iden
tifier (name{ALC@rem.1}) has been already used, duplicate ignored
<to be read again> 
                   \endgroup \set@typeset@protect 
l.220 \section
              {Sample Run}pdfTeX warning (ext4): destination with the same iden
tifier (name{ALC@rem.1}) has been already used, duplicate ignored
<to be read again> 
                   \endgroup \set@typeset@protect 
l.220 \section
              {Sample Run}pdfTeX warning (ext4): destination with the same iden
tifier (name{ALC@rem.1}) has been already used, duplicate ignored
<to be read again> 
                   \endgroup \set@typeset@protect 
l.220 \section
              {Sample Run}pdfTeX warning (ext4): destination with the same iden
tifier (name{ALC@rem.1}) has been already used, duplicate ignored
<to be read again> 
                   \endgroup \set@typeset@protect 
l.220 \section
              {Sample Run}pdfTeX warning (ext4): destination with the same iden
tifier (name{ALC@rem.1}) has been already used, duplicate ignored
<to be read again> 
                   \endgroup \set@typeset@protect 
l.220 \section
              {Sample Run}pdfTeX warning (ext4): destination with the same iden
tifier (name{ALC@rem.1}) has been already used, duplicate ignored
<to be read again> 
                   \endgroup \set@typeset@protect 
l.220 \section
              {Sample Run}pdfTeX warning (ext4): destination with the same iden
tifier (name{ALC@rem.1}) has been already used, duplicate ignored
<to be read again> 
                   \endgroup \set@typeset@protect 
l.220 \section
              {Sample Run}pdfTeX warning (ext4): destination with the same iden
tifier (name{ALC@rem.1}) has been already used, duplicate ignored
<to be read again> 
                   \endgroup \set@typeset@protect 
l.220 \section
              {Sample Run}pdfTeX warning (ext4): destination with the same iden
tifier (name{ALC@rem.1}) has been already used, duplicate ignored
<to be read again> 
                   \endgroup \set@typeset@protect 
l.220 \section
              {Sample Run}pdfTeX warning (ext4): destination with the same iden
tifier (name{ALC@rem.1}) has been already used, duplicate ignored
<to be read again> 
                   \endgroup \set@typeset@protect 
l.220 \section
              {Sample Run}pdfTeX warning (ext4): destination with the same iden
tifier (name{ALC@line.5}) has been already used, duplicate ignored
<to be read again> 
                   \endgroup \set@typeset@protect 
l.220 \section
              {Sample Run}pdfTeX warning (ext4): destination with the same iden
tifier (name{ALC@line.6}) has been already used, duplicate ignored
<to be read again> 
                   \endgroup \set@typeset@protect 
l.220 \section
              {Sample Run}] <./rbt.png, id=98, 222.07968pt x 262.73157pt>
File: ./rbt.png Graphic file (type png)

<use ./rbt.png> <./rbt.jpeg, id=99, 642.4pt x 481.8pt>
File: ./rbt.jpeg Graphic file (type jpg)
 <use ./rbt.jpeg>
Overfull \hbox (198.60213pt too wide) in paragraph at lines 237--241
 [][] 
 []

[3pdfTeX warning (ext4): destination with the same identifier (name{ALC@line.5}
) has been already used, duplicate ignored
<to be read again> 
                   \endgroup \set@typeset@protect 
l.246 \newpage
              pdfTeX warning (ext4): destination with the same identifier (name
{ALC@line.6}) has been already used, duplicate ignored
<to be read again> 
                   \endgroup \set@typeset@protect 
l.246 \newpage
              pdfTeX warning (ext4): destination with the same identifier (name
{ALC@line.7}) has been already used, duplicate ignored
<to be read again> 
                   \endgroup \set@typeset@protect 
l.246 \newpage
              pdfTeX warning (ext4): destination with the same identifier (name
{ALC@line.8}) has been already used, duplicate ignored
<to be read again> 
                   \endgroup \set@typeset@protect 
l.246 \newpage
              pdfTeX warning (ext4): destination with the same identifier (name
{ALC@line.9}) has been already used, duplicate ignored
<to be read again> 
                   \endgroup \set@typeset@protect 
l.246 \newpage
              pdfTeX warning (ext4): destination with the same identifier (name
{ALC@line.10}) has been already used, duplicate ignored
<to be read again> 
                   \endgroup \set@typeset@protect 
l.246 \newpage
              pdfTeX warning (ext4): destination with the same identifier (name
{ALC@line.11}) has been already used, duplicate ignored
<to be read again> 
                   \endgroup \set@typeset@protect 
l.246 \newpage
              pdfTeX warning (ext4): destination with the same identifier (name
{ALC@line.12}) has been already used, duplicate ignored
<to be read again> 
                   \endgroup \set@typeset@protect 
l.246 \newpage
              pdfTeX warning (ext4): destination with the same identifier (name
{ALC@line.13}) has been already used, duplicate ignored
<to be read again> 
                   \endgroup \set@typeset@protect 
l.246 \newpage
              pdfTeX warning (ext4): destination with the same identifier (name
{ALC@line.14}) has been already used, duplicate ignored
<to be read again> 
                   \endgroup \set@typeset@protect 
l.246 \newpage
              pdfTeX warning (ext4): destination with the same identifier (name
{ALC@line.15}) has been already used, duplicate ignored
<to be read again> 
                   \endgroup \set@typeset@protect 
l.246 \newpage
              pdfTeX warning (ext4): destination with the same identifier (name
{ALC@line.16}) has been already used, duplicate ignored
<to be read again> 
                   \endgroup \set@typeset@protect 
l.246 \newpage
              pdfTeX warning (ext4): destination with the same identifier (name
{ALC@line.17}) has been already used, duplicate ignored
<to be read again> 
                   \endgroup \set@typeset@protect 
l.246 \newpage
              pdfTeX warning (ext4): destination with the same identifier (name
{ALC@line.18}) has been already used, duplicate ignored
<to be read again> 
                   \endgroup \set@typeset@protect 
l.246 \newpage
              pdfTeX warning (ext4): destination with the same identifier (name
{ALC@line.19}) has been already used, duplicate ignored
<to be read again> 
                   \endgroup \set@typeset@protect 
l.246 \newpage
              pdfTeX warning (ext4): destination with the same identifier (name
{ALC@line.20}) has been already used, duplicate ignored
<to be read again> 
                   \endgroup \set@typeset@protect 
l.246 \newpage
              pdfTeX warning (ext4): destination with the same identifier (name
{ALC@line.21}) has been already used, duplicate ignored
<to be read again> 
                   \endgroup \set@typeset@protect 
l.246 \newpage
              pdfTeX warning (ext4): destination with the same identifier (name
{ALC@line.22}) has been already used, duplicate ignored
<to be read again> 
                   \endgroup \set@typeset@protect 
l.246 \newpage
              pdfTeX warning (ext4): destination with the same identifier (name
{ALC@line.23}) has been already used, duplicate ignored
<to be read again> 
                   \endgroup \set@typeset@protect 
l.246 \newpage
              pdfTeX warning (ext4): destination with the same identifier (name
{figure.2}) has been already used, duplicate ignored
<to be read again> 
                   \endgroup \set@typeset@protect 
l.246 \newpage
               <./rbt.png (PNG copy)>] [4pdfTeX warning (ext4): destination wit
h the same identifier (name{figure.3}) has been already used, duplicate ignored

<to be read again> 
                   \endgroup \set@typeset@protect 
l.251 \end{document}
                    

 <./rbt.jpeg>] (./rbt.aux) ) 
Here is how much of TeX's memory you used:
 3278 strings out of 95086
 45398 string characters out of 1183255
 112428 words of memory out of 1500000
 6376 multiletter control sequences out of 10000+50000
 8843 words of font info for 31 fonts, out of 1200000 for 2000
 28 hyphenation exceptions out of 8191
 25i,8n,36p,484b,732s stack positions out of 5000i,500n,6000p,200000b,5000s
</usr/share/texmf-texlive/fonts/type1/bluesky/cm/cm
bx10.pfb></usr/share/texmf-texlive/fonts/type1/bluesky/cm/cmbx12.pfb></usr/shar
e/texmf-texlive/fonts/type1/bluesky/cm/cmcsc10.pfb></usr/share/texmf-texlive/fo
nts/type1/bluesky/cm/cmr10.pfb></usr/share/texmf-texlive/fonts/type1/bluesky/cm
/cmr9.pfb></usr/share/texmf-texlive/fonts/type1/bluesky/cm/cmsy10.pfb></usr/sha
re/texmf-texlive/fonts/type1/bluesky/cm/cmti10.pfb>
Output written on rbt.pdf (6 pages, 290154 bytes).
PDF statistics:
 157 PDF objects out of 1000 (max. 8388607)
 54 named destinations out of 1000 (max. 131072)
 98 words of extra memory for PDF output out of 10000 (max. 10000000)

