\BOOKMARK [1][]{section.1}{Overview}{}
\BOOKMARK [1][]{section.2}{Glossary}{}
\BOOKMARK [1][]{section.3}{References}{}
\BOOKMARK [1][]{section.4}{Requirement}{}
\BOOKMARK [2][]{subsection.4.1}{User requirements}{section.4}
\BOOKMARK [2][]{subsection.4.2}{System requirements}{section.4}
\BOOKMARK [2][]{subsection.4.3}{Functional and domain requirements}{section.4}
\BOOKMARK [2][]{subsection.4.4}{Non-functional requirements}{section.4}
\BOOKMARK [1][]{section.5}{Form Based Approach}{}
\BOOKMARK [1][]{section.6}{Data Flow Diagram}{}
\BOOKMARK [1][]{section.7}{Life Cycle}{}
\BOOKMARK [1][]{section.8}{Constructs of the Language}{}
\BOOKMARK [2][]{subsection.8.1}{File Inclusion}{section.8}
\BOOKMARK [2][]{subsection.8.2}{Macro Definition}{section.8}
\BOOKMARK [2][]{subsection.8.3}{Function}{section.8}
\BOOKMARK [1][]{section.9}{Syntax of Statements}{}
\BOOKMARK [2][]{subsection.9.1}{Operators and Symbols}{section.9}
\BOOKMARK [2][]{subsection.9.2}{Variables}{section.9}
\BOOKMARK [2][]{subsection.9.3}{Commenting}{section.9}
\BOOKMARK [2][]{subsection.9.4}{Declaration}{section.9}
\BOOKMARK [2][]{subsection.9.5}{Assignment}{section.9}
\BOOKMARK [2][]{subsection.9.6}{Relational Condition Checking - The `test-otherwise-endl' construct}{section.9}
\BOOKMARK [2][]{subsection.9.7}{Looping Construct}{section.9}
\BOOKMARK [2][]{subsection.9.8}{Nesting of Statements}{section.9}
\BOOKMARK [2][]{subsection.9.9}{Program}{section.9}
\BOOKMARK [1][]{section.10}{Design of Parser}{}
\BOOKMARK [2][]{subsection.10.1}{Architectural Design}{section.10}
\BOOKMARK [3][]{subsubsection.10.1.1}{System Organisation}{subsection.10.1}
\BOOKMARK [3][]{subsubsection.10.1.2}{Modules}{subsection.10.1}
\BOOKMARK [3][]{subsubsection.10.1.3}{Cohesion}{subsection.10.1}
\BOOKMARK [2][]{subsection.10.2}{Detailed Design}{section.10}
\BOOKMARK [2][]{subsection.10.3}{Interface Design}{section.10}
\BOOKMARK [1][]{section.11}{Example Program}{}
\BOOKMARK [1][]{section.12}{Final Deliverable}{}
\BOOKMARK [1][]{section.13}{Applications}{}
\BOOKMARK [1][]{section.14}{Future Work}{}
\BOOKMARK [1][]{section.15}{Conclusion}{}
