\BOOKMARK [1][]{section.1}{Overview}{}
\BOOKMARK [1][]{section.2}{Glossary}{}
\BOOKMARK [1][]{section.3}{Constructs of the Language}{}
\BOOKMARK [2][]{subsection.3.1}{File Inclusion}{section.3}
\BOOKMARK [2][]{subsection.3.2}{Function}{section.3}
\BOOKMARK [1][]{section.4}{Syntax of Statements}{}
\BOOKMARK [2][]{subsection.4.1}{Operators and Symbols}{section.4}
\BOOKMARK [2][]{subsection.4.2}{Variables}{section.4}
\BOOKMARK [2][]{subsection.4.3}{Commenting}{section.4}
\BOOKMARK [2][]{subsection.4.4}{Declaration}{section.4}
\BOOKMARK [2][]{subsection.4.5}{Assignment}{section.4}
\BOOKMARK [2][]{subsection.4.6}{Relational Condition Checking - The `if-else' construct}{section.4}
\BOOKMARK [2][]{subsection.4.7}{Looping Construct}{section.4}
\BOOKMARK [2][]{subsection.4.8}{Nesting of Statements}{section.4}
\BOOKMARK [2][]{subsection.4.9}{Program}{section.4}
\BOOKMARK [1][]{section.5}{Transition Diagrams}{}
\BOOKMARK [2][]{subsection.5.1}{Transition diagram for relational operators}{section.5}
\BOOKMARK [2][]{subsection.5.2}{Transition diagram for reserved words and identifiers}{section.5}
\BOOKMARK [3][]{subsubsection.5.2.1}{Steps to follow to recognise keywords}{subsection.5.2}
\BOOKMARK [2][]{subsection.5.3}{Transition diagram for unsigned number}{section.5}
\BOOKMARK [1][]{section.6}{Grammar of our language}{}
\BOOKMARK [1][]{section.7}{Tokens and Symbol Table}{}
\BOOKMARK [1][]{section.8}{Implementation of lexer}{}
\BOOKMARK [1][]{section.9}{Implementation of Parser}{}
\BOOKMARK [1][]{section.10}{Example program}{}
\BOOKMARK [1][]{section.11}{Parse Tree}{}
\BOOKMARK [1][]{section.12}{Grammars}{}
\BOOKMARK [1][]{section.13}{References}{}
